  [1m[35m (0.1ms)[0m  [1m[34mSELECT sqlite_version(*)[0m
  [1m[35m (105.0ms)[0m  [1m[35mCREATE TABLE "schema_migrations" ("version" varchar NOT NULL PRIMARY KEY)[0m
  [1m[35m (121.0ms)[0m  [1m[35mCREATE TABLE "ar_internal_metadata" ("key" varchar NOT NULL PRIMARY KEY, "value" varchar, "created_at" datetime NOT NULL, "updated_at" datetime NOT NULL)[0m
  [1m[35m (0.3ms)[0m  [1m[34mSELECT "schema_migrations"."version" FROM "schema_migrations" ORDER BY "schema_migrations"."version" ASC[0m
Migrating to CreateCategories (20171216195152)
  [1m[35m (0.1ms)[0m  [1m[36mbegin transaction[0m
  [1m[35m (0.4ms)[0m  [1m[35mCREATE TABLE "categories" ("id" INTEGER PRIMARY KEY AUTOINCREMENT NOT NULL, "name" varchar, "description" text, "created_at" datetime NOT NULL, "updated_at" datetime NOT NULL)[0m
  [1m[35mSQL (0.2ms)[0m  [1m[32mINSERT INTO "schema_migrations" ("version") VALUES (?)[0m  [["version", "20171216195152"]]
  [1m[35m (116.0ms)[0m  [1m[36mcommit transaction[0m
Migrating to CreateArticles (20171216195208)
  [1m[35m (0.2ms)[0m  [1m[36mbegin transaction[0m
  [1m[35m (0.9ms)[0m  [1m[35mCREATE TABLE "articles" ("id" INTEGER PRIMARY KEY AUTOINCREMENT NOT NULL, "title" varchar, "body" text, "category_id" integer, "publish_date" date, "feature_image_url" varchar, "is_published" boolean, "created_at" datetime NOT NULL, "updated_at" datetime NOT NULL)[0m
  [1m[35mSQL (0.4ms)[0m  [1m[32mINSERT INTO "schema_migrations" ("version") VALUES (?)[0m  [["version", "20171216195208"]]
  [1m[35m (112.1ms)[0m  [1m[36mcommit transaction[0m
Migrating to DeviseCreateUsers (20171220002345)
  [1m[35m (0.2ms)[0m  [1m[36mbegin transaction[0m
  [1m[35m (1.0ms)[0m  [1m[35mCREATE TABLE "users" ("id" INTEGER PRIMARY KEY AUTOINCREMENT NOT NULL, "email" varchar DEFAULT '' NOT NULL, "encrypted_password" varchar DEFAULT '' NOT NULL, "reset_password_token" varchar, "reset_password_sent_at" datetime, "remember_created_at" datetime, "sign_in_count" integer DEFAULT 0 NOT NULL, "current_sign_in_at" datetime, "last_sign_in_at" datetime, "current_sign_in_ip" varchar, "last_sign_in_ip" varchar, "created_at" datetime NOT NULL, "updated_at" datetime NOT NULL)[0m
  [1m[35m (0.7ms)[0m  [1m[35mCREATE UNIQUE INDEX "index_users_on_email" ON "users" ("email")[0m
  [1m[35m (0.1ms)[0m  [1m[34m            SELECT sql
            FROM sqlite_master
            WHERE name='index_users_on_email' AND type='index'
            UNION ALL
            SELECT sql
            FROM sqlite_temp_master
            WHERE name='index_users_on_email' AND type='index'
[0m
  [1m[35m (0.2ms)[0m  [1m[35mCREATE UNIQUE INDEX "index_users_on_reset_password_token" ON "users" ("reset_password_token")[0m
  [1m[35mSQL (0.2ms)[0m  [1m[32mINSERT INTO "schema_migrations" ("version") VALUES (?)[0m  [["version", "20171220002345"]]
  [1m[35m (110.9ms)[0m  [1m[36mcommit transaction[0m
  [1m[36mActiveRecord::InternalMetadata Load (0.4ms)[0m  [1m[34mSELECT  "ar_internal_metadata".* FROM "ar_internal_metadata" WHERE "ar_internal_metadata"."key" = ? LIMIT ?[0m  [["key", "environment"], ["LIMIT", 1]]
  [1m[35m (0.1ms)[0m  [1m[36mbegin transaction[0m
  [1m[35mSQL (0.3ms)[0m  [1m[32mINSERT INTO "ar_internal_metadata" ("key", "value", "created_at", "updated_at") VALUES (?, ?, ?, ?)[0m  [["key", "environment"], ["value", "development"], ["created_at", "2018-03-20 22:14:55.232728"], ["updated_at", "2018-03-20 22:14:55.232728"]]
  [1m[35m (65.2ms)[0m  [1m[36mcommit transaction[0m
  [1m[35m (0.1ms)[0m  [1m[34mSELECT "schema_migrations"."version" FROM "schema_migrations" ORDER BY "schema_migrations"."version" ASC[0m
  [1m[35m (0.1ms)[0m  [1m[34m            SELECT sql
            FROM sqlite_master
            WHERE name='index_users_on_reset_password_token' AND type='index'
            UNION ALL
            SELECT sql
            FROM sqlite_temp_master
            WHERE name='index_users_on_reset_password_token' AND type='index'
[0m
  [1m[35m (0.1ms)[0m  [1m[34m            SELECT sql
            FROM sqlite_master
            WHERE name='index_users_on_email' AND type='index'
            UNION ALL
            SELECT sql
            FROM sqlite_temp_master
            WHERE name='index_users_on_email' AND type='index'
[0m
  [1m[35m (0.2ms)[0m  [1m[34mSELECT "schema_migrations"."version" FROM "schema_migrations" ORDER BY "schema_migrations"."version" ASC[0m
Migrating to CreateCkeditorAssets (20180321035448)
  [1m[35m (0.2ms)[0m  [1m[34mSELECT "schema_migrations"."version" FROM "schema_migrations" ORDER BY "schema_migrations"."version" ASC[0m
Migrating to CreateCkeditorAssets (20180321035448)
  [1m[35m (0.2ms)[0m  [1m[36mbegin transaction[0m
  [1m[35m (0.2ms)[0m  [1m[34mSELECT sqlite_version(*)[0m
  [1m[35m (0.8ms)[0m  [1m[35mCREATE TABLE "ckeditor_assets" ("id" INTEGER PRIMARY KEY AUTOINCREMENT NOT NULL, "data_file_name" varchar NOT NULL, "data_content_type" varchar, "data_file_size" integer, "type" varchar(30), "width" integer, "height" integer, "created_at" datetime NOT NULL, "updated_at" datetime NOT NULL)[0m
  [1m[35m (0.3ms)[0m  [1m[35mCREATE  INDEX "index_ckeditor_assets_on_type" ON "ckeditor_assets" ("type")[0m
  [1m[35mSQL (0.3ms)[0m  [1m[32mINSERT INTO "schema_migrations" ("version") VALUES (?)[0m  [["version", "20180321035448"]]
  [1m[35m (122.5ms)[0m  [1m[36mcommit transaction[0m
  [1m[36mActiveRecord::InternalMetadata Load (0.2ms)[0m  [1m[34mSELECT  "ar_internal_metadata".* FROM "ar_internal_metadata" WHERE "ar_internal_metadata"."key" = ? LIMIT ?[0m  [["key", "environment"], ["LIMIT", 1]]
  [1m[35m (0.1ms)[0m  [1m[36mbegin transaction[0m
  [1m[35m (0.1ms)[0m  [1m[36mcommit transaction[0m
  [1m[35m (0.1ms)[0m  [1m[34mSELECT "schema_migrations"."version" FROM "schema_migrations" ORDER BY "schema_migrations"."version" ASC[0m
  [1m[35m (0.1ms)[0m  [1m[34m            SELECT sql
            FROM sqlite_master
            WHERE name='index_ckeditor_assets_on_type' AND type='index'
            UNION ALL
            SELECT sql
            FROM sqlite_temp_master
            WHERE name='index_ckeditor_assets_on_type' AND type='index'
[0m
  [1m[35m (0.1ms)[0m  [1m[34m            SELECT sql
            FROM sqlite_master
            WHERE name='index_users_on_reset_password_token' AND type='index'
            UNION ALL
            SELECT sql
            FROM sqlite_temp_master
            WHERE name='index_users_on_reset_password_token' AND type='index'
[0m
  [1m[35m (0.1ms)[0m  [1m[34m            SELECT sql
            FROM sqlite_master
            WHERE name='index_users_on_email' AND type='index'
            UNION ALL
            SELECT sql
            FROM sqlite_temp_master
            WHERE name='index_users_on_email' AND type='index'
[0m
Started GET "/" for 127.0.0.1 at 2018-03-21 03:58:28 +0530
  [1m[35m (0.2ms)[0m  [1m[34mSELECT "schema_migrations"."version" FROM "schema_migrations" ORDER BY "schema_migrations"."version" ASC[0m
Processing by ArticlesController#index as HTML
  Rendering articles/index.html.erb within layouts/application
  [1m[36mArticle Load (0.3ms)[0m  [1m[34mSELECT "articles".* FROM "articles"[0m
  Rendered categories/_list.html.erb (0.5ms)
  Rendered articles/index.html.erb within layouts/application (33.1ms)
  Rendered layouts/_nav.html.erb (0.6ms)
Completed 200 OK in 4283ms (Views: 4222.6ms | ActiveRecord: 0.9ms)


Started GET "/articles" for 127.0.0.1 at 2018-03-21 03:58:40 +0530
Processing by ArticlesController#index as HTML
  Rendering articles/index.html.erb within layouts/application
  [1m[36mArticle Load (0.3ms)[0m  [1m[34mSELECT "articles".* FROM "articles"[0m
  Rendered categories/_list.html.erb (0.4ms)
  Rendered articles/index.html.erb within layouts/application (4.1ms)
  Rendered layouts/_nav.html.erb (0.4ms)
Completed 200 OK in 49ms (Views: 46.3ms | ActiveRecord: 0.3ms)


Started GET "/categories" for 127.0.0.1 at 2018-03-21 03:58:42 +0530
Processing by CategoriesController#index as HTML
  Rendering categories/index.html.erb within layouts/application
  [1m[36mCategory Load (0.3ms)[0m  [1m[34mSELECT "categories".* FROM "categories"[0m
  Rendered categories/_list.html.erb (0.6ms)
  Rendered categories/index.html.erb within layouts/application (6.1ms)
  Rendered layouts/_nav.html.erb (0.4ms)
Completed 200 OK in 111ms (Views: 53.4ms | ActiveRecord: 0.7ms)


Started GET "/categories" for 127.0.0.1 at 2018-03-21 03:58:43 +0530
Processing by CategoriesController#index as HTML
  Rendering categories/index.html.erb within layouts/application
  [1m[36mCategory Load (0.3ms)[0m  [1m[34mSELECT "categories".* FROM "categories"[0m
  Rendered categories/_list.html.erb (1.2ms)
  Rendered categories/index.html.erb within layouts/application (5.2ms)
  Rendered layouts/_nav.html.erb (0.4ms)
Completed 200 OK in 63ms (Views: 59.2ms | ActiveRecord: 0.3ms)


Started GET "/articles" for 127.0.0.1 at 2018-03-21 03:58:44 +0530
Processing by ArticlesController#index as HTML
  Rendering articles/index.html.erb within layouts/application
  [1m[36mArticle Load (0.3ms)[0m  [1m[34mSELECT "articles".* FROM "articles"[0m
  Rendered categories/_list.html.erb (0.5ms)
  Rendered articles/index.html.erb within layouts/application (3.4ms)
  Rendered layouts/_nav.html.erb (0.4ms)
Completed 200 OK in 51ms (Views: 48.5ms | ActiveRecord: 0.3ms)


Started GET "/articles" for 127.0.0.1 at 2018-03-21 03:58:47 +0530
Processing by ArticlesController#index as HTML
  Rendering articles/index.html.erb within layouts/application
  [1m[36mArticle Load (0.4ms)[0m  [1m[34mSELECT "articles".* FROM "articles"[0m
  Rendered categories/_list.html.erb (1.2ms)
  Rendered articles/index.html.erb within layouts/application (6.2ms)
  Rendered layouts/_nav.html.erb (0.5ms)
Completed 200 OK in 49ms (Views: 45.9ms | ActiveRecord: 0.4ms)


Started GET "/articles/new" for 127.0.0.1 at 2018-03-21 03:58:53 +0530
Processing by ArticlesController#new as HTML
Completed 401 Unauthorized in 28ms (ActiveRecord: 0.0ms)


Started GET "/users/sign_in" for 127.0.0.1 at 2018-03-21 03:58:53 +0530
Processing by Devise::SessionsController#new as HTML
  Rendering devise/sessions/new.html.erb within layouts/application
  Rendered devise/shared/_links.html.erb (1.5ms)
  Rendered devise/sessions/new.html.erb within layouts/application (49.4ms)
  Rendered layouts/_nav.html.erb (0.4ms)
Completed 200 OK in 189ms (Views: 120.5ms | ActiveRecord: 2.5ms)


Started GET "/users/sign_up" for 127.0.0.1 at 2018-03-21 03:59:00 +0530
Processing by Devise::RegistrationsController#new as HTML
  Rendering devise/registrations/new.html.erb within layouts/application
  Rendered devise/shared/_links.html.erb (2.2ms)
  Rendered devise/registrations/new.html.erb within layouts/application (9.8ms)
  Rendered layouts/_nav.html.erb (0.8ms)
Completed 200 OK in 78ms (Views: 76.5ms | ActiveRecord: 0.0ms)


Started POST "/users" for 127.0.0.1 at 2018-03-21 03:59:13 +0530
Processing by Devise::RegistrationsController#create as HTML
  Parameters: {"utf8"=>"✓", "authenticity_token"=>"DxyDeUhcKzJCqgMH2m4QsW/YBHL+N387IaYQqCXJBOy911Yx4614Z8hCtNtDllNIGV/PjnH2ajyriVHRnaPqsA==", "user"=>{"email"=>"justin@sample.com", "password"=>"[FILTERED]", "password_confirmation"=>"[FILTERED]"}, "commit"=>"Sign up"}
  [1m[35m (0.1ms)[0m  [1m[36mbegin transaction[0m
  [1m[36mUser Exists (0.6ms)[0m  [1m[34mSELECT  1 AS one FROM "users" WHERE "users"."email" = ? LIMIT ?[0m  [["email", "justin@sample.com"], ["LIMIT", 1]]
  [1m[35mSQL (2.5ms)[0m  [1m[32mINSERT INTO "users" ("email", "encrypted_password", "created_at", "updated_at") VALUES (?, ?, ?, ?)[0m  [["email", "justin@sample.com"], ["encrypted_password", "$2a$11$McqH2yqZTmcwgDO.oVrxqOhwJS8s3PXPVzmmVXCzKieiuLqLb2qT."], ["created_at", "2018-03-20 22:29:14.365155"], ["updated_at", "2018-03-20 22:29:14.365155"]]
  [1m[35m (73.8ms)[0m  [1m[36mcommit transaction[0m
  [1m[35m (0.1ms)[0m  [1m[36mbegin transaction[0m
  [1m[35mSQL (0.6ms)[0m  [1m[33mUPDATE "users" SET "sign_in_count" = ?, "current_sign_in_at" = ?, "last_sign_in_at" = ?, "current_sign_in_ip" = ?, "last_sign_in_ip" = ?, "updated_at" = ? WHERE "users"."id" = ?[0m  [["sign_in_count", 1], ["current_sign_in_at", "2018-03-20 22:29:14.447304"], ["last_sign_in_at", "2018-03-20 22:29:14.447304"], ["current_sign_in_ip", "127.0.0.1"], ["last_sign_in_ip", "127.0.0.1"], ["updated_at", "2018-03-20 22:29:14.449298"], ["id", 1]]
  [1m[35m (81.0ms)[0m  [1m[36mcommit transaction[0m
Redirected to http://localhost:3000/articles/new
Completed 302 Found in 564ms (ActiveRecord: 158.7ms)


Started GET "/articles/new" for 127.0.0.1 at 2018-03-21 03:59:14 +0530
Processing by ArticlesController#new as HTML
  [1m[36mUser Load (0.4ms)[0m  [1m[34mSELECT  "users".* FROM "users" WHERE "users"."id" = ? ORDER BY "users"."id" ASC LIMIT ?[0m  [["id", 1], ["LIMIT", 1]]
  Rendering articles/new.html.erb within layouts/application
  [1m[36mCategory Load (0.2ms)[0m  [1m[34mSELECT "categories".* FROM "categories"[0m
  Rendered articles/_form.html.erb (49.9ms)
  Rendered articles/new.html.erb within layouts/application (51.2ms)
  Rendered layouts/_nav.html.erb (0.4ms)
Completed 200 OK in 125ms (Views: 94.2ms | ActiveRecord: 1.2ms)


Started GET "/articles" for 127.0.0.1 at 2018-03-21 03:59:43 +0530
Processing by ArticlesController#index as HTML
  Rendering articles/index.html.erb within layouts/application
  [1m[36mArticle Load (0.3ms)[0m  [1m[34mSELECT "articles".* FROM "articles"[0m
  Rendered categories/_list.html.erb (0.6ms)
  Rendered articles/index.html.erb within layouts/application (3.9ms)
  Rendered layouts/_nav.html.erb (0.4ms)
Completed 200 OK in 42ms (Views: 40.3ms | ActiveRecord: 0.3ms)


Started GET "/categories" for 127.0.0.1 at 2018-03-21 03:59:44 +0530
Processing by CategoriesController#index as HTML
  Rendering categories/index.html.erb within layouts/application
  [1m[36mCategory Load (0.3ms)[0m  [1m[34mSELECT "categories".* FROM "categories"[0m
  Rendered categories/_list.html.erb (0.7ms)
  Rendered categories/index.html.erb within layouts/application (4.6ms)
  Rendered layouts/_nav.html.erb (1.0ms)
Completed 200 OK in 40ms (Views: 38.0ms | ActiveRecord: 0.3ms)


Started GET "/categories" for 127.0.0.1 at 2018-03-21 03:59:45 +0530
Processing by CategoriesController#index as HTML
  Rendering categories/index.html.erb within layouts/application
  [1m[36mCategory Load (0.3ms)[0m  [1m[34mSELECT "categories".* FROM "categories"[0m
  Rendered categories/_list.html.erb (0.6ms)
  Rendered categories/index.html.erb within layouts/application (4.2ms)
  Rendered layouts/_nav.html.erb (0.5ms)
Completed 200 OK in 47ms (Views: 45.1ms | ActiveRecord: 0.3ms)


Started GET "/articles" for 127.0.0.1 at 2018-03-21 03:59:46 +0530
Processing by ArticlesController#index as HTML
  Rendering articles/index.html.erb within layouts/application
  [1m[36mArticle Load (0.3ms)[0m  [1m[34mSELECT "articles".* FROM "articles"[0m
  Rendered categories/_list.html.erb (0.7ms)
  Rendered articles/index.html.erb within layouts/application (4.7ms)
  Rendered layouts/_nav.html.erb (1.0ms)
Completed 200 OK in 49ms (Views: 46.9ms | ActiveRecord: 0.3ms)


Started GET "/categories" for 127.0.0.1 at 2018-03-21 03:59:47 +0530
Processing by CategoriesController#index as HTML
  Rendering categories/index.html.erb within layouts/application
  [1m[36mCategory Load (0.3ms)[0m  [1m[34mSELECT "categories".* FROM "categories"[0m
  Rendered categories/_list.html.erb (0.5ms)
  Rendered categories/index.html.erb within layouts/application (3.6ms)
  Rendered layouts/_nav.html.erb (0.4ms)
Completed 200 OK in 48ms (Views: 45.4ms | ActiveRecord: 0.3ms)


Started GET "/categories" for 127.0.0.1 at 2018-03-21 03:59:48 +0530
Processing by CategoriesController#index as HTML
  Rendering categories/index.html.erb within layouts/application
  [1m[36mCategory Load (0.3ms)[0m  [1m[34mSELECT "categories".* FROM "categories"[0m
  Rendered categories/_list.html.erb (0.5ms)
  Rendered categories/index.html.erb within layouts/application (8.2ms)
  Rendered layouts/_nav.html.erb (0.4ms)
Completed 200 OK in 50ms (Views: 47.6ms | ActiveRecord: 0.3ms)


